<?xml version="1.0" encoding="UTF-8"?>
<!-- Generated by org.testng.reporters.JUnitReportReporter -->
<testsuite skipped="0" hostname="DESKTOP-MO4JG7Q" name="com.bbc.cucumbertestrunner.TestRunner" tests="1" failures="0" timestamp="2019-10-27T16:19:33 AEDT" time="32.446" errors="0">
  <testcase name="feature" time="32.446" classname="com.bbc.cucumbertestrunner.TestRunner"/>
</testsuite> <!-- com.bbc.cucumbertestrunner.TestRunner -->
